<?xml version="1.0" encoding="utf-8"?><testsuites name="pytest tests"><testsuite name="pytest" errors="0" failures="0" skipped="0" tests="29" time="3.898" timestamp="2026-09-10T04:02:38.701580+00:00" hostname="agent-env-0747e2cc-0945-49e1-98f8-fb60a673259a"><testcase classname="tests.backend_test.TestPublic" name="test_league_info" time="0.187" /><testcase classname="tests.backend_test.TestPortalAndModeration" name="test_lookup_unknown_email" time="0.257" /><testcase classname="tests.backend_test.TestPublic" name="test_schedule" time="0.075" /><testcase classname="tests.backend_test.TestPortalAndModeration" name="test_lookup_existing_player" time="0.079" /><testcase classname="tests.backend_test.TestPublic" name="test_matches_list" time="0.082" /><testcase classname="tests.backend_test.TestPortalAndModeration" name="test_submit_match_pending_and_standings_exclude" time="0.626" /><testcase classname="tests.backend_test.TestPublic" name="test_standings_all" time="0.074" /><testcase classname="tests.backend_test.TestPublic" name="test_standings_by_month" time="0.073" /><testcase classname="tests.backend_test.TestPublic" name="test_register_fee_tier" time="0.419" /><testcase classname="tests.backend_test.TestAdminFlows" name="test_admin_add_player" time="0.077" /><testcase classname="tests.backend_test.TestPortalAndModeration" name="test_submit_match_errors" time="0.233" /><testcase classname="tests.backend_test.TestAdminFlows" name="test_admin_toggle_paid" time="0.189" /><testcase classname="tests.backend_test.TestAdminFlows" name="test_create_match_and_points" time="0.294" /><testcase classname="tests.backend_test.TestPortalAndModeration" name="test_confirm_auth" time="0.161" /><testcase classname="tests.backend_test.TestPortalAndModeration" name="test_edit_match_recomputes_points" time="0.511" /><testcase classname="tests.backend_test.TestAdminFlows" name="test_match_validations" time="0.257" /><testcase classname="tests.backend_test.TestAdminFlows" name="test_standings_reflect_new_match" time="0.589" /><testcase classname="tests.backend_test.TestPortalAndModeration" name="test_edit_match_auth" time="0.229" /><testcase classname="tests.backend_test.TestRewards" name="test_get_rewards_public" time="0.124" /><testcase classname="tests.backend_test.TestRewards" name="test_set_reward_admin" time="0.162" /><testcase classname="tests.backend_test.TestAdminFlows" name="test_delete_match_and_player" time="0.795" /><testcase classname="tests.backend_test.TestRewards" name="test_set_reward_invalid_month" time="0.121" /><testcase classname="tests.backend_test.TestRewards" name="test_set_reward_auth" time="0.224" /><testcase classname="tests.backend_test.TestExportCSV" name="test_export_unauth" time="0.081" /><testcase classname="tests.backend_test.TestExportCSV" name="test_export_non_admin" time="0.139" /><testcase classname="tests.backend_test.TestExportCSV" name="test_export_ok" time="0.078" /><testcase classname="tests.backend_test.TestAuthGating" name="test_no_session_401" time="0.073" /><testcase classname="tests.backend_test.TestAuthGating" name="test_non_admin_403" time="0.154" /><testcase classname="tests.backend_test.TestAuthGating" name="test_admin_me" time="0.074" /></testsuite></testsuites>