<?xml version="1.0" encoding="utf-8"?><testsuites name="pytest tests"><testsuite name="pytest" errors="0" failures="1" skipped="0" tests="15" time="2.841" timestamp="2026-09-10T03:25:22.356767+00:00" hostname="agent-env-0747e2cc-0945-49e1-98f8-fb60a673259a"><testcase classname="tests.backend_test.TestAdminFlows" name="test_admin_add_player" time="0.307" /><testcase classname="tests.backend_test.TestPublic" name="test_league_info" time="0.305" /><testcase classname="tests.backend_test.TestAdminFlows" name="test_admin_toggle_paid" time="0.205" /><testcase classname="tests.backend_test.TestPublic" name="test_schedule" time="0.091" /><testcase classname="tests.backend_test.TestPublic" name="test_matches_list" time="0.092" /><testcase classname="tests.backend_test.TestPublic" name="test_standings_all" time="0.090" /><testcase classname="tests.backend_test.TestAdminFlows" name="test_create_match_and_points" time="0.323" /><testcase classname="tests.backend_test.TestPublic" name="test_standings_by_month" time="0.082" /><testcase classname="tests.backend_test.TestPublic" name="test_register_late_fee" time="0.090"><failure message="AssertionError: assert 'early' == 'late'&#10;  &#10;  - late&#10;  + early">backend/tests/backend_test.py:76: in test_register_late_fee
    assert d["fee_tier"] == "late"
E   AssertionError: assert 'early' == 'late'
E     
E     - late
E     + early</failure></testcase><testcase classname="tests.backend_test.TestAuthGating" name="test_no_session_401" time="0.106" /><testcase classname="tests.backend_test.TestAdminFlows" name="test_match_validations" time="0.280" /><testcase classname="tests.backend_test.TestAuthGating" name="test_non_admin_403" time="0.202" /><testcase classname="tests.backend_test.TestAuthGating" name="test_admin_me" time="0.084" /><testcase classname="tests.backend_test.TestAdminFlows" name="test_standings_reflect_new_match" time="0.498" /><testcase classname="tests.backend_test.TestAdminFlows" name="test_delete_match_and_player" time="0.743" /></testsuite></testsuites>